\BOOKMARK [0][-]{chapter.1}{\376\377\000M\000o\000d\000u\000l\000e\000\040\000d\000e\000s\000c\000r\000i\000p\000t\000i\000o\000n}{}% 1
\BOOKMARK [0][-]{chapter.2}{\376\377\000D\000o\000c\000u\000m\000e\000n\000t\000a\000t\000i\000o\000n}{}% 2
\BOOKMARK [1][-]{section.2.1}{\376\377\000P\000r\000e\000s\000e\000n\000t\000a\000t\000i\000o\000n}{chapter.2}% 3
\BOOKMARK [2][-]{subsection.2.1.1}{\376\377\000C\000o\000n\000t\000e\000x\000t}{section.2.1}% 4
\BOOKMARK [2][-]{subsection.2.1.2}{\376\377\000I\000n\000t\000e\000n\000t\000i\000o\000n\000s}{section.2.1}% 5
\BOOKMARK [2][-]{subsection.2.1.3}{\376\377\000H\000o\000w}{section.2.1}% 6
\BOOKMARK [2][-]{subsection.2.1.4}{\376\377\000L\000i\000g\000h\000t\000i\000n\000g}{section.2.1}% 7
\BOOKMARK [3][-]{subsubsection*.6}{\376\377\000S\000u\000r\000f\000a\000c\000i\000c\000\040\000a\000p\000p\000r\000o\000a\000c\000h\000\040\000\050\000C\000A\000R\000I\000B\000U\000\051}{subsection.2.1.4}% 8
\BOOKMARK [3][-]{subsubsection*.7}{\376\377\000V\000o\000l\000u\000m\000i\000c\000\040\000a\000p\000p\000r\000o\000a\000c\000h\000\040\000\050\000P\000y\000R\000A\000T\000P\000,\000\040\000R\000i\000R\000i\000\051}{subsection.2.1.4}% 9
\BOOKMARK [1][-]{section.2.2}{\376\377\000I\000n\000s\000t\000a\000l\000l\000a\000t\000i\000o\000n}{chapter.2}% 10
\BOOKMARK [2][-]{subsection.2.2.1}{\376\377\000S\000e\000t\000t\000i\000n\000g\000\040\000a\000\040\000P\000y\000t\000h\000o\000n\000\040\000e\000n\000v\000i\000r\000o\000n\000m\000e\000n\000t}{section.2.2}% 11
\BOOKMARK [2][-]{subsection.2.2.2}{\376\377\000I\000n\000s\000t\000a\000l\000l\000a\000t\000i\000o\000n\000\040\000o\000f\000\040\000N\000e\000e\000d\000e\000d\000\040\000P\000a\000c\000k\000a\000g\000e\000s}{section.2.2}% 12
\BOOKMARK [3][-]{subsubsection*.8}{\376\377\000P\000y\000R\000A\000T\000P}{subsection.2.2.2}% 13
\BOOKMARK [3][-]{subsubsection*.9}{\376\377\000R\000i\000R\000i\0005}{subsection.2.2.2}% 14
\BOOKMARK [3][-]{subsubsection*.10}{\376\377\000L\000i\000g\000h\000t\000V\000e\000g\000e\000M\000a\000n\000a\000g\000e\000r}{subsection.2.2.2}% 15
\BOOKMARK [2][-]{subsection.2.2.3}{\376\377\000Q\000u\000i\000c\000k\000s\000t\000a\000r\000t}{section.2.2}% 16
\BOOKMARK [1][-]{section.2.3}{\376\377\000A\000r\000c\000h\000i\000t\000e\000c\000t\000u\000r\000e\000\040\000o\000f\000\040\000t\000h\000e\000\040\000t\000o\000o\000l}{chapter.2}% 17
\BOOKMARK [2][-]{subsection.2.3.1}{\376\377\000P\000a\000c\000k\000a\000g\000e\000\040\000C\000o\000n\000t\000e\000n\000t}{section.2.3}% 18
\BOOKMARK [2][-]{subsection.2.3.2}{\376\377\000C\000o\000d\000e\000\040\000s\000t\000r\000u\000c\000t\000u\000r\000e}{section.2.3}% 19
\BOOKMARK [2][-]{subsection.2.3.3}{\376\377\000F\000r\000o\000n\000t\000\040\000E\000n\000d\000:\000\040\000t\000h\000e\000\040\000m\000a\000i\000n\000\040\000c\000o\000m\000m\000a\000n\000d\000s}{section.2.3}% 20
\BOOKMARK [2][-]{subsection.2.3.4}{\376\377\000B\000a\000c\000k\000\040\000E\000n\000d\000:\000\040\000M\000o\000r\000e\000\040\000d\000e\000t\000a\000i\000l\000s\000\040\000a\000b\000o\000u\000t\000\040\000h\000o\000w\000\040\000t\000h\000e\000\040\000t\000o\000o\000l\000\040\000w\000o\000r\000k\000s}{section.2.3}% 21
\BOOKMARK [3][-]{subsubsection*.11}{\376\377\000G\000e\000o\000m\000e\000t\000r\000i\000c\000\040\000m\000e\000r\000g\000i\000n\000g}{subsection.2.3.4}% 22
\BOOKMARK [3][-]{subsubsection*.12}{\376\377\000M\000a\000n\000a\000g\000i\000n\000g\000\040\000i\000n\000d\000e\000x\000e\000s}{subsection.2.3.4}% 23
\BOOKMARK [3][-]{subsubsection*.13}{\376\377\000T\000r\000i\000a\000n\000g\000l\000e\000\040\000s\000u\000b\000d\000i\000v\000i\000s\000i\000o\000n}{subsection.2.3.4}% 24
\BOOKMARK [3][-]{subsubsection*.14}{\376\377\000C\000A\000R\000I\000B\000U\000,\000\040\000l\000-\000e\000g\000u\000m\000e\000\040\000a\000n\000d\000\040\000v\000i\000r\000t\000u\000a\000l\000\040\000s\000e\000n\000s\000o\000r\000s}{subsection.2.3.4}% 25
\BOOKMARK [1][-]{section.2.4}{\376\377\000I\000n\000p\000u\000t\000s}{chapter.2}% 26
\BOOKMARK [2][-]{subsection.2.4.1}{\376\377\000G\000e\000o\000m\000e\000t\000r\000i\000c\000\040\000i\000n\000p\000u\000t\000s}{section.2.4}% 27
\BOOKMARK [3][-]{subsubsection*.15}{\376\377\000S\000c\000e\000n\000e\000s}{subsection.2.4.1}% 28
\BOOKMARK [3][-]{subsubsection*.16}{\376\377\000G\000e\000o\000m\000e\000t\000r\000i\000c\000\040\000t\000r\000a\000n\000s\000f\000o\000r\000m\000a\000t\000i\000o\000n\000s}{subsection.2.4.1}% 29
\BOOKMARK [4][-]{paragraph*.17}{\376\377\000"\000s\000c\000e\000n\000e\000s\000\040\000u\000n\000i\000t\000"}{subsubsection*.16}% 30
\BOOKMARK [4][-]{paragraph*.18}{\376\377\000"\000r\000e\000s\000c\000a\000l\000e\000"}{subsubsection*.16}% 31
\BOOKMARK [4][-]{paragraph*.19}{\376\377\000"\000t\000r\000a\000n\000s\000l\000a\000t\000e\000"}{subsubsection*.16}% 32
\BOOKMARK [4][-]{paragraph*.20}{\376\377\000"\000x\000y\000z\000\040\000o\000r\000i\000e\000n\000t\000a\000t\000i\000o\000n\000"}{subsubsection*.16}% 33
\BOOKMARK [2][-]{subsection.2.4.2}{\376\377\000E\000n\000v\000i\000r\000o\000n\000m\000e\000n\000t\000\040\000p\000a\000r\000a\000m\000e\000t\000e\000r\000s}{section.2.4}% 34
\BOOKMARK [2][-]{subsection.2.4.3}{\376\377\000L\000i\000g\000h\000t\000\040\000m\000o\000d\000e\000l\000\040\000p\000a\000r\000a\000m\000e\000t\000e\000r\000s}{section.2.4}% 35
\BOOKMARK [3][-]{subsubsection*.21}{\376\377\000C\000A\000R\000I\000B\000U\000:\000\040\000s\000u\000r\000f\000a\000c\000i\000c\000\040\000a\000p\000p\000r\000o\000a\000c\000h}{subsection.2.4.3}% 36
\BOOKMARK [3][-]{subsubsection*.22}{\376\377\000R\000A\000T\000P\000:\000\040\000v\000o\000l\000u\000m\000i\000c\000\040\000a\000p\000p\000r\000o\000a\000c\000h}{subsection.2.4.3}% 37
\BOOKMARK [4][-]{paragraph*.23}{\376\377\000G\000r\000i\000d\000\040\000s\000p\000e\000c\000i\000f\000i\000c\000a\000t\000i\000o\000n\000s}{subsubsection*.22}% 38
\BOOKMARK [4][-]{paragraph*.24}{\376\377\000L\000e\000a\000f\000\040\000a\000n\000g\000l\000e\000\040\000d\000i\000s\000t\000r\000i\000b\000u\000t\000i\000o\000n}{subsubsection*.22}% 39
\BOOKMARK [4][-]{paragraph*.25}{\376\377\000V\000e\000g\000e\000t\000a\000t\000i\000o\000n\000\040\000t\000y\000p\000e}{subsubsection*.22}% 40
\BOOKMARK [1][-]{section.2.5}{\376\377\000A\000d\000d\000i\000t\000i\000o\000n\000n\000a\000l\000\040\000F\000u\000n\000c\000t\000i\000o\000n\000a\000l\000i\000t\000i\000e\000s}{chapter.2}% 41
\BOOKMARK [2][-]{subsection.2.5.1}{\376\377\000I\000n\000p\000u\000t\000s\000\040\000a\000n\000a\000l\000y\000s\000i\000s\000\040\000T\000o\000o\000l}{section.2.5}% 42
\BOOKMARK [2][-]{subsection.2.5.2}{\376\377\000V\000i\000s\000u\000a\000l\000i\000s\000a\000t\000i\000o\000n}{section.2.5}% 43
\BOOKMARK [3][-]{subsubsection*.26}{\376\377\000V\000T\000K\000\040\000f\000i\000l\000e\000s}{subsection.2.5.2}% 44
\BOOKMARK [3][-]{subsubsection*.27}{\376\377\000P\000l\000a\000n\000t\000G\000L\000\040\000v\000i\000s\000u\000a\000l\000i\000z\000e\000r}{subsection.2.5.2}% 45
\BOOKMARK [1][-]{section.2.6}{\376\377\000T\000u\000t\000o\000r\000i\000a\000l\000s\000\040\000w\000i\000t\000h\000\040\000j\000u\000p\000y\000t\000e\000r\000\040\000n\000o\000t\000e\000b\000o\000o\000k\000s}{chapter.2}% 46
\BOOKMARK [2][-]{subsection.2.6.1}{\376\377\000L\000i\000g\000h\000t\000V\000e\000g\000e\000M\000a\000n\000a\000g\000e\000r\000\040\000f\000i\000r\000s\000t\000\040\000s\000t\000e\000p\000s}{section.2.6}% 47
\BOOKMARK [3][-]{subsubsection*.28}{\376\377\000C\000o\000n\000t\000e\000n\000t\000:}{subsection.2.6.1}% 48
\BOOKMARK [3][-]{subsubsection*.29}{\376\377\000I\000n\000t\000r\000o\000d\000u\000c\000t\000i\000o\000n}{subsection.2.6.1}% 49
\BOOKMARK [3][-]{subsubsection*.30}{\376\377\000O\000n\000e\000\040\000t\000r\000i\000a\000n\000g\000l\000e}{subsection.2.6.1}% 50
\BOOKMARK [4][-]{paragraph*.31}{\376\377\000C\000A\000R\000I\000B\000U\000\040\000\050\000s\000u\000r\000f\000a\000r\000c\000i\000c\000\040\000m\000o\000d\000e\000l\000l\000i\000n\000g\000\051}{subsubsection*.30}% 51
\BOOKMARK [4][-]{paragraph*.32}{\376\377\000R\000A\000T\000P}{subsubsection*.30}% 52
\BOOKMARK [3][-]{subsubsection*.33}{\376\377\000S\000e\000t\000\040\000o\000f\000\040\000t\000r\000i\000a\000n\000g\000l\000e\000s}{subsection.2.6.1}% 53
\BOOKMARK [4][-]{paragraph*.34}{\376\377\000C\000A\000R\000I\000B\000U}{subsubsection*.33}% 54
\BOOKMARK [4][-]{paragraph*.35}{\376\377\000R\000A\000T\000P}{subsubsection*.33}% 55
\BOOKMARK [2][-]{subsection.2.6.2}{\376\377\000E\000n\000v\000i\000r\000o\000n\000m\000e\000n\000t\000\040\000p\000a\000r\000a\000m\000e\000t\000e\000r\000s\000:\000\040\000w\000a\000y\000s\000\040\000t\000o\000\040\000s\000e\000t\000\040\000t\000h\000e\000\040\000s\000i\000m\000u\000l\000a\000t\000i\000o\000n\000\040\000e\000n\000v\000i\000r\000o\000n\000m\000e\000n\000t}{section.2.6}% 56
\BOOKMARK [3][-]{subsubsection*.36}{\376\377\000C\000o\000n\000t\000e\000n\000t}{subsection.2.6.2}% 57
\BOOKMARK [3][-]{subsubsection*.37}{\376\377\000I\000n\000t\000r\000o\000d\000u\000c\000t\000i\000o\000n}{subsection.2.6.2}% 58
\BOOKMARK [3][-]{subsubsection*.38}{\376\377\000F\000i\000r\000s\000t\000\040\000o\000p\000t\000i\000o\000n\000s}{subsection.2.6.2}% 59
\BOOKMARK [3][-]{subsubsection*.39}{\376\377\000D\000i\000f\000f\000e\000r\000e\000n\000t\000\040\000w\000a\000y\000s\000\040\000t\000o\000\040\000s\000e\000t\000\040\000a\000\040\000s\000k\000y}{subsection.2.6.2}% 60
\BOOKMARK [4][-]{paragraph*.40}{\376\377\000T\000u\000r\000t\000l\000e\0004\0006}{subsubsection*.39}% 61
\BOOKMARK [4][-]{paragraph*.41}{\376\377\000F\000i\000l\000e}{subsubsection*.39}% 62
\BOOKMARK [4][-]{paragraph*.42}{\376\377\000C\000u\000s\000t\000o\000m\000\040\000n\000u\000m\000b\000e\000r\000\040\000o\000f\000\040\000d\000i\000r\000e\000c\000t\000i\000o\000n\000s}{subsubsection*.39}% 63
\BOOKMARK [4][-]{paragraph*.43}{\376\377\000A\000n\000d\000\040\000R\000A\000T\000P\000\040\000?}{subsubsection*.39}% 64
\BOOKMARK [2][-]{subsection.2.6.3}{\376\377\000G\000e\000o\000m\000e\000t\000r\000i\000c\000\040\000i\000n\000p\000u\000t\000s}{section.2.6}% 65
\BOOKMARK [3][-]{subsubsection*.44}{\376\377\000C\000o\000n\000t\000e\000n\000t}{subsection.2.6.3}% 66
\BOOKMARK [3][-]{subsubsection*.45}{\376\377\000I\000n\000t\000r\000o\000d\000u\000c\000t\000i\000o\000n}{subsection.2.6.3}% 67
\BOOKMARK [3][-]{subsubsection*.46}{\376\377\000I\000n\000p\000u\000t\000s\000\040\000F\000o\000r\000m\000a\000t\000s}{subsection.2.6.3}% 68
\BOOKMARK [4][-]{paragraph*.47}{\376\377\000d\000i\000c\000t\000\040\000o\000f\000\040\000t\000r\000i\000a\000n\000g\000l\000e\000s}{subsubsection*.46}% 69
\BOOKMARK [4][-]{paragraph*.48}{\376\377\000P\000l\000a\000n\000t\000G\000L\000\040\000s\000c\000e\000n\000e}{subsubsection*.46}% 70
\BOOKMARK [4][-]{paragraph*.49}{\376\377\000V\000G\000X\000\040\000f\000i\000l\000e}{subsubsection*.46}% 71
\BOOKMARK [4][-]{paragraph*.50}{\376\377\000G\000r\000i\000d\000\040\000o\000f\000\040\000v\000o\000x\000e\000l\000s}{subsubsection*.46}% 72
\BOOKMARK [4][-]{paragraph*.51}{\376\377\000M\000T\000G\000\040\000o\000b\000j\000e\000c\000t\000\040\000f\000r\000o\000m\000\040\000a\000d\000e\000l\000w\000h\000e\000a\000t}{subsubsection*.46}% 73
\BOOKMARK [4][-]{paragraph*.52}{\376\377\000R\000A\000T\000P\000\040\000i\000n\000p\000u\000t\000s}{subsubsection*.46}% 74
\BOOKMARK [4][-]{paragraph*.53}{\376\377\000R\000i\000R\000i\0005\000\040\000i\000n\000p\000u\000t\000s}{subsubsection*.46}% 75
\BOOKMARK [3][-]{subsubsection*.54}{\376\377\000O\000r\000g\000a\000n\000i\000z\000i\000n\000g\000\040\000t\000h\000e\000\040\000i\000n\000p\000u\000t\000s}{subsection.2.6.3}% 76
\BOOKMARK [3][-]{subsubsection*.55}{\376\377\000S\000t\000e\000m\000s}{subsection.2.6.3}% 77
\BOOKMARK [3][-]{subsubsection*.56}{\376\377\000G\000e\000o\000m\000e\000t\000r\000i\000c\000\040\000t\000r\000a\000n\000s\000f\000o\000r\000m\000a\000t\000i\000o\000n\000s}{subsection.2.6.3}% 78
\BOOKMARK [4][-]{paragraph*.57}{\376\377\000T\000r\000a\000n\000s\000l\000a\000t\000e}{subsubsection*.56}% 79
\BOOKMARK [4][-]{paragraph*.58}{\376\377\000R\000e\000s\000c\000a\000l\000e\000\040\000f\000o\000l\000l\000o\000w\000i\000n\000g\000\040\000m\000e\000t\000r\000i\000c\000\040\000u\000n\000i\000t}{subsubsection*.56}% 80
\BOOKMARK [4][-]{paragraph*.59}{\376\377\000R\000e\000s\000c\000a\000l\000e\000\040\000b\000y\000\040\000a\000\040\000s\000c\000a\000l\000a\000r\000\040\000f\000a\000c\000t\000o\000r}{subsubsection*.56}% 81
\BOOKMARK [4][-]{paragraph*.60}{\376\377\000R\000o\000t\000a\000t\000e}{subsubsection*.56}% 82
\BOOKMARK [2][-]{subsection.2.6.4}{\376\377\000L\000i\000g\000h\000t\000\040\000m\000o\000d\000e\000l\000s\000\040\000o\000p\000t\000i\000o\000n\000s\000:\000\040\000h\000o\000w\000\040\000t\000o\000\040\000s\000e\000t\000\040\000u\000p\000\040\000t\000h\000e\000\040\000l\000i\000g\000h\000t\000\040\000m\000o\000d\000e\000l\000s}{section.2.6}% 83
\BOOKMARK [3][-]{subsubsection*.61}{\376\377\000C\000o\000n\000t\000e\000n\000t}{subsection.2.6.4}% 84
\BOOKMARK [3][-]{subsubsection*.62}{\376\377\000I\000n\000t\000r\000o\000d\000u\000c\000t\000i\000o\000n}{subsection.2.6.4}% 85
\BOOKMARK [3][-]{subsubsection*.63}{\376\377\000C\000A\000R\000I\000B\000U}{subsection.2.6.4}% 86
\BOOKMARK [4][-]{paragraph*.64}{\376\377\000C\000o\000m\000p\000u\000t\000i\000n\000g\000\040\000t\000h\000e\000\040\000s\000u\000n\000\040\000p\000o\000s\000i\000t\000i\000o\000n}{subsubsection*.63}% 87
\BOOKMARK [4][-]{paragraph*.65}{\376\377\000G\000r\000i\000d\000\040\000o\000f\000\040\000v\000i\000r\000t\000u\000a\000l\000\040\000s\000e\000n\000s\000o\000r\000s}{subsubsection*.63}% 88
\BOOKMARK [4][-]{paragraph*.66}{\376\377\000O\000t\000h\000e\000r\000\040\000p\000a\000r\000a\000m\000e\000t\000e\000r\000s}{subsubsection*.63}% 89
\BOOKMARK [3][-]{subsubsection*.67}{\376\377\000R\000A\000T\000P}{subsection.2.6.4}% 90
\BOOKMARK [4][-]{paragraph*.68}{\376\377\000L\000e\000a\000f\000\040\000a\000n\000g\000l\000e\000\040\000d\000i\000s\000t\000r\000i\000b\000u\000t\000i\000o\000n}{subsubsection*.67}% 91
\BOOKMARK [5][-]{subparagraph*.69}{\376\377\000F\000i\000l\000e}{paragraph*.68}% 92
\BOOKMARK [5][-]{subparagraph*.70}{\376\377\000G\000l\000o\000b\000a\000l\000\040\000d\000i\000s\000t\000r\000i\000b\000u\000t\000i\000o\000n}{paragraph*.68}% 93
\BOOKMARK [5][-]{subparagraph*.71}{\376\377\000L\000o\000c\000a\000l\000\040\000d\000i\000s\000t\000r\000i\000b\000u\000t\000i\000o\000n}{paragraph*.68}% 94
\BOOKMARK [4][-]{paragraph*.72}{\376\377\000T\000r\000i\000a\000n\000g\000l\000e\000s\000\040\000t\000e\000s\000s\000e\000l\000a\000t\000i\000o\000n\000\040\000i\000n\000\040\000a\000\040\000g\000r\000i\000d}{subsubsection*.67}% 95
\BOOKMARK [4][-]{paragraph*.73}{\376\377\000O\000t\000h\000e\000r\000\040\000p\000a\000r\000a\000m\000e\000t\000e\000r\000s}{subsubsection*.67}% 96
\BOOKMARK [2][-]{subsection.2.6.5}{\376\377\000O\000u\000t\000p\000u\000t\000\040\000f\000o\000r\000m\000a\000t\000s\000\040\000a\000n\000d\000\040\000t\000r\000a\000n\000s\000f\000e\000r\000\040\000m\000e\000t\000h\000o\000d\000s}{section.2.6}% 97
\BOOKMARK [3][-]{subsubsection*.74}{\376\377\000C\000o\000n\000t\000e\000n\000t}{subsection.2.6.5}% 98
\BOOKMARK [3][-]{subsubsection*.75}{\376\377\000I\000n\000t\000r\000o\000d\000u\000c\000t\000i\000o\000n}{subsection.2.6.5}% 99
\BOOKMARK [3][-]{subsubsection*.76}{\376\377\000M\000a\000i\000n\000\040\000l\000i\000g\000h\000t\000\040\000o\000u\000t\000p\000u\000t\000s\000:\000\040\000P\000a\000n\000d\000a\000s\000\040\000d\000a\000t\000a\000f\000r\000a\000m\000e}{subsection.2.6.5}% 100
\BOOKMARK [3][-]{subsubsection*.77}{\376\377\000l\000-\000e\000g\000u\000m\000e\000\040\000r\000e\000s\000u\000l\000t\000s\000\040\000t\000r\000a\000n\000s\000f\000e\000r}{subsection.2.6.5}% 101
\BOOKMARK [4][-]{paragraph*.78}{\376\377\000R\000A\000T\000P}{subsubsection*.77}% 102
\BOOKMARK [4][-]{paragraph*.79}{\376\377\000C\000A\000R\000I\000B\000U}{subsubsection*.77}% 103
\BOOKMARK [3][-]{subsubsection*.80}{\376\377\000C\000N\000-\000W\000h\000e\000a\000t\000\040\000r\000e\000s\000u\000l\000t\000s\000\040\000t\000r\000a\000n\000s\000f\000e\000r}{subsection.2.6.5}% 104
\BOOKMARK [2][-]{subsection.2.6.6}{\376\377\000E\000x\000a\000m\000p\000l\000e\000\040\000o\000f\000\040\000u\000s\000e}{section.2.6}% 105
\BOOKMARK [3][-]{subsubsection*.81}{\376\377\000C\000a\000n\000o\000p\000y\000\040\000g\000e\000n\000e\000r\000a\000t\000i\000o\000n}{subsection.2.6.6}% 106
\BOOKMARK [3][-]{subsubsection*.82}{\376\377\000L\000i\000g\000h\000t\000i\000n\000g\000\040\000s\000i\000m\000u\000l\000a\000t\000i\000o\000n}{subsection.2.6.6}% 107
\BOOKMARK [2][-]{subsection.2.6.7}{\376\377\000M\000i\000s\000c\000\040\000f\000u\000n\000c\000t\000i\000o\000n\000n\000a\000l\000i\000t\000i\000e\000s}{section.2.6}% 108
\BOOKMARK [3][-]{subsubsection*.83}{\376\377\000C\000o\000n\000t\000e\000n\000t}{subsection.2.6.7}% 109
\BOOKMARK [3][-]{subsubsection*.84}{\376\377\000I\000n\000t\000r\000o\000d\000u\000c\000t\000i\000o\000n}{subsection.2.6.7}% 110
\BOOKMARK [3][-]{subsubsection*.85}{\376\377\000S\000i\000m\000p\000l\000e\000\040\000m\000e\000s\000h\000\040\000s\000u\000b\000d\000i\000v\000i\000s\000i\000o\000n}{subsection.2.6.7}% 111
\BOOKMARK [3][-]{subsubsection*.86}{\376\377\000V\000i\000s\000u\000a\000l\000i\000s\000a\000t\000i\000o\000n\000\040\000w\000i\000t\000h\000\040\000V\000T\000K}{subsection.2.6.7}% 112
\BOOKMARK [4][-]{paragraph*.87}{\376\377\000T\000r\000i\000a\000n\000g\000l\000e\000s\000\040\000e\000x\000p\000o\000r\000t\000a\000t\000i\000o\000n}{subsubsection*.86}% 113
\BOOKMARK [4][-]{paragraph*.88}{\376\377\000V\000o\000x\000e\000l\000s\000\040\000e\000x\000p\000o\000r\000t\000a\000t\000i\000o\000n}{subsubsection*.86}% 114
\BOOKMARK [3][-]{subsubsection*.89}{\376\377\000A\000n\000a\000l\000y\000z\000e\000\040\000w\000i\000t\000h\000\040\000s\0002\000v\000\040\000a\000n\000d\000\040\000s\0005}{subsection.2.6.7}% 115
\BOOKMARK [4][-]{paragraph*.90}{\376\377\000s\0005\000\040\000\050\000f\000o\000r\000t\000r\000a\000n\000\051}{subsubsection*.89}% 116
\BOOKMARK [5][-]{subparagraph*.91}{\376\377\000D\000e\000s\000c\000r\000i\000p\000t\000i\000o\000n\000\040\000o\000f\000\040\000f\000o\000r\000t\000.\0006\0000}{paragraph*.90}% 117
\BOOKMARK [5][-]{subparagraph*.92}{\376\377\000D\000e\000s\000c\000r\000i\000p\000t\000i\000o\000n\000\040\000o\000f\000\040\000l\000e\000a\000f\000a\000r\000e\000a}{paragraph*.90}% 118
\BOOKMARK [5][-]{subparagraph*.93}{\376\377\000s\0002\000v\000\040\000\050\000c\000+\000+\000\051}{paragraph*.90}% 119
\BOOKMARK [5][-]{subparagraph*.94}{\376\377\000D\000e\000s\000c\000r\000i\000p\000t\000i\000o\000n\000\040\000o\000f\000\040\000s\0002\000v\000.\000l\000o\000g}{paragraph*.90}% 120
\BOOKMARK [5][-]{subparagraph*.95}{\376\377\000D\000e\000s\000c\000r\000i\000p\000t\000i\000o\000n\000\040\000o\000f\000\040\000s\0002\000v\000.\000c\000a\000n}{paragraph*.90}% 121
\BOOKMARK [5][-]{subparagraph*.96}{\376\377\000D\000e\000s\000c\000r\000i\000p\000t\000i\000o\000n\000\040\000o\000f\000\040\000s\0002\000v\000.\000a\000r\000e\000a}{paragraph*.90}% 122
\BOOKMARK [5][-]{subparagraph*.97}{\376\377\000D\000e\000s\000c\000r\000i\000p\000t\000i\000o\000n\000\040\000o\000f\000\040\000o\000u\000t\000.\000d\000a\000n\000g}{paragraph*.90}% 123
\BOOKMARK [5][-]{subparagraph*.98}{\376\377\000D\000e\000s\000c\000r\000i\000p\000t\000i\000o\000n\000\040\000o\000f\000\040\000l\000e\000a\000f\000a\000r\000e\000a}{paragraph*.90}% 124
\BOOKMARK [2][-]{subsection.2.6.8}{\376\377\000M\000o\000r\000e\000\040\000e\000x\000a\000m\000p\000l\000e\000s}{section.2.6}% 125
\BOOKMARK [3][-]{subsubsection*.99}{\376\377\000S\000u\000n\000\040\000p\000o\000s\000i\000t\000i\000o\000n\000s}{subsection.2.6.8}% 126
\BOOKMARK [3][-]{subsubsection*.100}{\376\377\000T\000w\000o\000\040\000p\000l\000a\000n\000e\000s}{subsection.2.6.8}% 127
\BOOKMARK [3][-]{subsubsection*.101}{\376\377\000E\000x\000a\000m\000p\000l\000e\000s\000\040\000w\000i\000t\000h\000\040\000R\000A\000T\000P\000\040\000a\000n\000d\000\040\000s\000t\000e\000m\000\040\000e\000l\000e\000m\000e\000n\000t\000s}{subsection.2.6.8}% 128
\BOOKMARK [1][-]{section.2.7}{\376\377\000R\000e\000f\000e\000r\000e\000n\000c\000e\000\040\000G\000u\000i\000d\000e}{chapter.2}% 129
\BOOKMARK [2][-]{subsection.2.7.1}{\376\377\000L\000V\000M\000\040\000m\000o\000d\000u\000l\000e}{section.2.7}% 130
\BOOKMARK [3][-]{subsubsection*.137}{\376\377\000L\000i\000g\000h\000t\000V\000e\000g\000e\000M\000a\000n\000a\000g\000e\000r}{subsection.2.7.1}% 131
\BOOKMARK [2][-]{subsection.2.7.2}{\376\377\000C\000A\000R\000I\000B\000U\000i\000n\000p\000u\000t\000s\000\040\000m\000o\000d\000u\000l\000e}{section.2.7}% 132
\BOOKMARK [3][-]{subsubsection*.165}{\376\377\000C\000A\000R\000I\000B\000U\000i\000n\000p\000u\000t\000s}{subsection.2.7.2}% 133
\BOOKMARK [2][-]{subsection.2.7.3}{\376\377\000R\000A\000T\000P\000i\000n\000p\000u\000t\000s\000\040\000m\000o\000d\000u\000l\000e}{section.2.7}% 134
\BOOKMARK [3][-]{subsubsection*.170}{\376\377\000R\000A\000T\000P\000i\000n\000p\000u\000t\000s}{subsection.2.7.3}% 135
\BOOKMARK [2][-]{subsection.2.7.4}{\376\377\000V\000T\000K\000\040\000m\000o\000d\000u\000l\000e}{section.2.7}% 136
\BOOKMARK [3][-]{subsubsection*.174}{\376\377\000V\000T\000K}{subsection.2.7.4}% 137
\BOOKMARK [2][-]{subsection.2.7.5}{\376\377\000b\000a\000s\000i\000c\000g\000e\000o\000m\000e\000t\000r\000y\000\040\000m\000o\000d\000u\000l\000e}{section.2.7}% 138
\BOOKMARK [3][-]{subsubsection*.180}{\376\377\000b\000a\000s\000i\000c\000g\000e\000o\000m\000e\000t\000r\000y}{subsection.2.7.5}% 139
\BOOKMARK [3][-]{subsubsection*.188}{\376\377\000e\000x\000a\000m\000p\000l\000e}{subsection.2.7.5}% 140
\BOOKMARK [3][-]{subsubsection*.190}{\376\377\000e\000x\000a\000m\000p\000l\000e}{subsection.2.7.5}% 141
\BOOKMARK [3][-]{subsubsection*.192}{\376\377\000e\000x\000a\000m\000p\000l\000e}{subsection.2.7.5}% 142
\BOOKMARK [2][-]{subsection.2.7.6}{\376\377\000b\000u\000i\000l\000d\000R\000A\000T\000P\000s\000c\000e\000n\000e\000\040\000m\000o\000d\000u\000l\000e}{section.2.7}% 143
\BOOKMARK [3][-]{subsubsection*.193}{\376\377\000b\000u\000i\000l\000d\000R\000A\000T\000P\000s\000c\000e\000n\000e}{subsection.2.7.6}% 144
\BOOKMARK [2][-]{subsection.2.7.7}{\376\377\000d\000e\000f\000a\000u\000l\000t\000v\000a\000l\000u\000e\000s\000\040\000m\000o\000d\000u\000l\000e}{section.2.7}% 145
\BOOKMARK [3][-]{subsubsection*.198}{\376\377\000d\000e\000f\000a\000u\000l\000t\000v\000a\000l\000u\000e\000s}{subsection.2.7.7}% 146
\BOOKMARK [2][-]{subsection.2.7.8}{\376\377\000l\000e\000a\000f\000a\000n\000g\000l\000e\000s\000\040\000m\000o\000d\000u\000l\000e}{section.2.7}% 147
\BOOKMARK [3][-]{subsubsection*.200}{\376\377\000l\000e\000a\000f\000a\000n\000g\000l\000e\000s}{subsection.2.7.8}% 148
\BOOKMARK [2][-]{subsection.2.7.9}{\376\377\000o\000u\000t\000p\000u\000t\000s\000\040\000m\000o\000d\000u\000l\000e}{section.2.7}% 149
\BOOKMARK [3][-]{subsubsection*.204}{\376\377\000o\000u\000t\000p\000u\000t\000s}{subsection.2.7.9}% 150
\BOOKMARK [2][-]{subsection.2.7.10}{\376\377\000p\000l\000a\000n\000t\000G\000L\000\040\000m\000o\000d\000u\000l\000e}{section.2.7}% 151
\BOOKMARK [3][-]{subsubsection*.213}{\376\377\000p\000l\000a\000n\000t\000G\000L}{subsection.2.7.10}% 152
\BOOKMARK [2][-]{subsection.2.7.11}{\376\377\000s\000k\000y\000\040\000m\000o\000d\000u\000l\000e}{section.2.7}% 153
\BOOKMARK [3][-]{subsubsection*.217}{\376\377\000s\000k\000y}{subsection.2.7.11}% 154
\BOOKMARK [2][-]{subsection.2.7.12}{\376\377\000s\000t\000e\000m\000s\000\040\000m\000o\000d\000u\000l\000e}{section.2.7}% 155
\BOOKMARK [3][-]{subsubsection*.223}{\376\377\000s\000t\000e\000m\000s}{subsection.2.7.12}% 156
\BOOKMARK [2][-]{subsection.2.7.13}{\376\377\000s\000u\000n\000\040\000m\000o\000d\000u\000l\000e}{section.2.7}% 157
\BOOKMARK [3][-]{subsubsection*.226}{\376\377\000s\000u\000n}{subsection.2.7.13}% 158
\BOOKMARK [2][-]{subsection.2.7.14}{\376\377\000t\000e\000s\000s\000e\000l\000a\000t\000o\000r\000\040\000m\000o\000d\000u\000l\000e}{section.2.7}% 159
\BOOKMARK [3][-]{subsubsection*.230}{\376\377\000t\000e\000s\000s\000e\000l\000a\000t\000o\000r}{subsection.2.7.14}% 160
\BOOKMARK [2][-]{subsection.2.7.15}{\376\377\000t\000r\000a\000n\000s\000f\000e\000r\000\040\000m\000o\000d\000u\000l\000e}{section.2.7}% 161
\BOOKMARK [3][-]{subsubsection*.237}{\376\377\000t\000r\000a\000n\000s\000f\000e\000r}{subsection.2.7.15}% 162
\BOOKMARK [2][-]{subsection.2.7.16}{\376\377\000t\000r\000i\000a\000n\000g\000l\000e\000s\000m\000e\000s\000h\000\040\000m\000o\000d\000u\000l\000e}{section.2.7}% 163
\BOOKMARK [3][-]{subsubsection*.240}{\376\377\000t\000r\000i\000a\000n\000g\000l\000e\000s\000m\000e\000s\000h}{subsection.2.7.16}% 164
\BOOKMARK [2][-]{subsection.2.7.17}{\376\377\000v\000o\000x\000e\000l\000s\000m\000e\000s\000h\000\040\000m\000o\000d\000u\000l\000e}{section.2.7}% 165
\BOOKMARK [3][-]{subsubsection*.253}{\376\377\000v\000o\000x\000e\000l\000s\000m\000e\000s\000h}{subsection.2.7.17}% 166
\BOOKMARK [0][-]{chapter.3}{\376\377\000C\000o\000n\000t\000a\000c\000t}{}% 167
\BOOKMARK [0][-]{chapter.4}{\376\377\000A\000u\000t\000h\000o\000r\000s}{}% 168
\BOOKMARK [0][-]{chapter.5}{\376\377\000L\000i\000c\000e\000n\000s\000e}{}% 169
\BOOKMARK [0][-]{chapter.6}{\376\377\000F\000u\000n\000d\000i\000n\000g}{}% 170
\BOOKMARK [0][-]{chapter.7}{\376\377\000R\000e\000s\000e\000a\000r\000c\000h\000\040\000r\000e\000f\000e\000r\000e\000n\000c\000e\000s}{}% 171
\BOOKMARK [0][-]{chapter.8}{\376\377\000I\000n\000d\000i\000c\000e\000s\000\040\000a\000n\000d\000\040\000t\000a\000b\000l\000e\000s}{}% 172
\BOOKMARK [0][-]{section*.259}{\376\377\000P\000y\000t\000h\000o\000n\000\040\000M\000o\000d\000u\000l\000e\000\040\000I\000n\000d\000e\000x}{}% 173
